[33mWARNING[0m:  [14-04-2025 15:08:26] chroma_server_nofile is not supported on Windows. chroma_server_nofile will not be set.
[32mINFO[0m:     [14-04-2025 15:08:26] Anonymized telemetry enabled. See                     https://docs.trychroma.com/telemetry for more information.
[36mDEBUG[0m:    [14-04-2025 15:08:26] Starting component System
[36mDEBUG[0m:    [14-04-2025 15:08:26] Starting component OpenTelemetryClient
[36mDEBUG[0m:    [14-04-2025 15:08:26] Starting component SimpleAssignmentPolicy
[36mDEBUG[0m:    [14-04-2025 15:08:26] Starting component SqliteDB
[36mDEBUG[0m:    [14-04-2025 15:08:27] Starting component Posthog
[36mDEBUG[0m:    [14-04-2025 15:08:27] Starting component LocalSegmentManager
[36mDEBUG[0m:    [14-04-2025 15:08:27] Starting component SegmentAPI
[32mINFO[0m:     [14-04-2025 15:08:27] Started server process [[36m41032[0m]
[32mINFO[0m:     [14-04-2025 15:08:27] Waiting for application startup.
[32mINFO[0m:     [14-04-2025 15:08:27] Application startup complete.
[32mINFO[0m:     [14-04-2025 15:08:27] Uvicorn running on [1mhttp://localhost:8000[0m (Press CTRL+C to quit)
[32mINFO[0m:     [14-04-2025 15:10:20] ::1:60714 - "GET /api/v1/tenants/default_tenant HTTP/1.1" 200
[32mINFO[0m:     [14-04-2025 15:10:20] ::1:60714 - "GET /api/v1/databases/default_database?tenant=default_tenant HTTP/1.1" 200
[32mINFO[0m:     [14-04-2025 15:10:20] ::1:60715 - "POST /api/v1/collections?tenant=default_tenant&database=default_database HTTP/1.1" 200
[32mINFO[0m:     [14-04-2025 15:11:33] ::1:60769 - "GET /api/v1/pre-flight-checks HTTP/1.1" 200
[36mDEBUG[0m:    [14-04-2025 15:11:33] Starting component PersistentLocalHnswSegment
[32mINFO[0m:     [14-04-2025 15:11:33] ::1:60769 - "POST /api/v1/collections/abf1791d-561e-4838-9c9d-0e78dc24eda7/add HTTP/1.1" 201
[33mWARNING[0m:  [14-04-2025 15:11:51] Number of requested results 10 is greater than number of elements in index 1, updating n_results = 1
[32mINFO[0m:     [14-04-2025 15:11:51] ::1:60769 - "POST /api/v1/collections/abf1791d-561e-4838-9c9d-0e78dc24eda7/query HTTP/1.1" 200
[32mINFO[0m:     [14-04-2025 15:12:40] ::1:60865 - "GET /api/v1/tenants/default_tenant HTTP/1.1" 200
[32mINFO[0m:     [14-04-2025 15:12:40] ::1:60865 - "GET /api/v1/databases/default_database?tenant=default_tenant HTTP/1.1" 200
[32mINFO[0m:     [14-04-2025 15:12:40] ::1:60866 - "POST /api/v1/collections?tenant=default_tenant&database=default_database HTTP/1.1" 200
[33mWARNING[0m:  [14-04-2025 15:12:41] Number of requested results 10 is greater than number of elements in index 1, updating n_results = 1
[32mINFO[0m:     [14-04-2025 15:12:41] ::1:60866 - "POST /api/v1/collections/abf1791d-561e-4838-9c9d-0e78dc24eda7/query HTTP/1.1" 200
[32mINFO[0m:     [14-04-2025 15:12:55] Backing off send_request(...) for 0.9s (requests.exceptions.ReadTimeout: HTTPSConnectionPool(host='app.posthog.com', port=443): Read timed out. (read timeout=15))
[32mINFO[0m:     [14-04-2025 15:13:19] ::1:60937 - "GET /api/v1/tenants/default_tenant HTTP/1.1" 200
[32mINFO[0m:     [14-04-2025 15:13:19] ::1:60937 - "GET /api/v1/databases/default_database?tenant=default_tenant HTTP/1.1" 200
[32mINFO[0m:     [14-04-2025 15:13:19] ::1:60938 - "POST /api/v1/collections?tenant=default_tenant&database=default_database HTTP/1.1" 200
[33mWARNING[0m:  [14-04-2025 15:13:20] Number of requested results 10 is greater than number of elements in index 1, updating n_results = 1
[32mINFO[0m:     [14-04-2025 15:13:20] ::1:60938 - "POST /api/v1/collections/abf1791d-561e-4838-9c9d-0e78dc24eda7/query HTTP/1.1" 200
[32mINFO[0m:     [14-04-2025 15:13:44] ::1:49183 - "GET /api/v1/tenants/default_tenant HTTP/1.1" 200
[32mINFO[0m:     [14-04-2025 15:13:44] ::1:49183 - "GET /api/v1/databases/default_database?tenant=default_tenant HTTP/1.1" 200
[32mINFO[0m:     [14-04-2025 15:13:44] ::1:49184 - "POST /api/v1/collections?tenant=default_tenant&database=default_database HTTP/1.1" 200
[33mWARNING[0m:  [14-04-2025 15:13:44] Number of requested results 10 is greater than number of elements in index 1, updating n_results = 1
[32mINFO[0m:     [14-04-2025 15:13:44] ::1:49184 - "POST /api/v1/collections/abf1791d-561e-4838-9c9d-0e78dc24eda7/query HTTP/1.1" 200
[32mINFO[0m:     [14-04-2025 15:15:17] ::1:49282 - "GET /api/v1/tenants/default_tenant HTTP/1.1" 200
[32mINFO[0m:     [14-04-2025 15:15:17] ::1:49282 - "GET /api/v1/databases/default_database?tenant=default_tenant HTTP/1.1" 200
[32mINFO[0m:     [14-04-2025 15:15:17] ::1:49283 - "POST /api/v1/collections?tenant=default_tenant&database=default_database HTTP/1.1" 200
[33mWARNING[0m:  [14-04-2025 15:15:18] Number of requested results 10 is greater than number of elements in index 1, updating n_results = 1
[32mINFO[0m:     [14-04-2025 15:15:18] ::1:49283 - "POST /api/v1/collections/abf1791d-561e-4838-9c9d-0e78dc24eda7/query HTTP/1.1" 200
[33mWARNING[0m:  [14-04-2025 15:15:22] Number of requested results 10 is greater than number of elements in index 1, updating n_results = 1
[32mINFO[0m:     [14-04-2025 15:15:23] ::1:49283 - "POST /api/v1/collections/abf1791d-561e-4838-9c9d-0e78dc24eda7/query HTTP/1.1" 200
[32mINFO[0m:     [14-04-2025 15:16:14] ::1:49380 - "GET /api/v1/tenants/default_tenant HTTP/1.1" 200
[32mINFO[0m:     [14-04-2025 15:16:14] ::1:49380 - "GET /api/v1/databases/default_database?tenant=default_tenant HTTP/1.1" 200
[32mINFO[0m:     [14-04-2025 15:16:24] ::1:49669 - "GET /api/v1/collections/memories?tenant=default_tenant&database=default_database HTTP/1.1" 200
[33mWARNING[0m:  [14-04-2025 15:17:08] Number of requested results 10 is greater than number of elements in index 1, updating n_results = 1
[32mINFO[0m:     [14-04-2025 15:17:08] ::1:49729 - "POST /api/v1/collections/abf1791d-561e-4838-9c9d-0e78dc24eda7/query HTTP/1.1" 200
[32mINFO[0m:     [14-04-2025 15:17:44] ::1:49770 - "GET /api/v1/pre-flight-checks HTTP/1.1" 200
[32mINFO[0m:     [14-04-2025 15:17:44] ::1:49770 - "POST /api/v1/collections/abf1791d-561e-4838-9c9d-0e78dc24eda7/add HTTP/1.1" 201
[33mWARNING[0m:  [14-04-2025 15:18:03] Number of requested results 10 is greater than number of elements in index 2, updating n_results = 2
[32mINFO[0m:     [14-04-2025 15:18:03] ::1:49772 - "POST /api/v1/collections/abf1791d-561e-4838-9c9d-0e78dc24eda7/query HTTP/1.1" 200
[32mINFO[0m:     [14-04-2025 15:18:41] ::1:49840 - "GET /api/v1/tenants/default_tenant HTTP/1.1" 200
[32mINFO[0m:     [14-04-2025 15:18:41] ::1:49840 - "GET /api/v1/databases/default_database?tenant=default_tenant HTTP/1.1" 200
[32mINFO[0m:     [14-04-2025 15:18:41] ::1:49841 - "POST /api/v1/collections?tenant=default_tenant&database=default_database HTTP/1.1" 200
[33mWARNING[0m:  [14-04-2025 15:18:42] Number of requested results 10 is greater than number of elements in index 2, updating n_results = 2
[32mINFO[0m:     [14-04-2025 15:18:42] ::1:49841 - "POST /api/v1/collections/abf1791d-561e-4838-9c9d-0e78dc24eda7/query HTTP/1.1" 200
